<?xml version="1.0" encoding="UTF-8"?>
<!-- Generated by org.testng.reporters.JUnitReportReporter -->
<testsuite hostname="shreshtha-Lenovo-ideapad-320-15ISK" failures="0" tests="1" name="com.dpDoctor.testCases.NewTest" time="0.013" errors="0" timestamp="1 Mar 2024 10:18:44 GMT">
  <testcase classname="com.dpDoctor.testCases.NewTest" name="f" time="0.013"/>
</testsuite> <!-- com.dpDoctor.testCases.NewTest -->
