<?xml version="1.0" encoding="UTF-8"?>
<!-- Generated by org.testng.reporters.JUnitReportReporter -->
<testsuite hostname="shreshtha-Lenovo-ideapad-320-15ISK" failures="0" tests="1" name="com.dpDoctor.testCases.NewTest" time="0.020" errors="0" timestamp="19 Feb 2024 17:39:43 GMT">
  <testcase classname="com.dpDoctor.testCases.NewTest" name="f" time="0.020"/>
</testsuite> <!-- com.dpDoctor.testCases.NewTest -->
