<?xml version="1.0" encoding="UTF-8"?>
<testsuite xmlns:xsi="http://www.w3.org/2001/XMLSchema-instance" xsi:noNamespaceSchemaLocation="https://maven.apache.org/surefire/maven-surefire-plugin/xsd/surefire-test-report.xsd" name="TestSuite" time="0.764" tests="1" errors="0" skipped="0" failures="0">
  <properties>
    <property name="java.specification.version" value="17"/>
    <property name="sun.jnu.encoding" value="UTF-8"/>
    <property name="java.class.path" value="/home/shreshtha/HealthcocoProjects/healthcoco-backend-app/dpdocter/target/test-classes:/home/shreshtha/HealthcocoProjects/healthcoco-backend-app/dpdocter/target/classes:/home/shreshtha/.m2/repository/de/flapdoodle/embedmongo/de.flapdoodle.embedmongo/1.15/de.flapdoodle.embedmongo-1.15.jar:/home/shreshtha/.m2/repository/org/apache/commons/commons-compress/1.3/commons-compress-1.3.jar:/home/shreshtha/.m2/repository/org/mongeez/mongeez/0.9.3/mongeez-0.9.3.jar:/home/shreshtha/.m2/repository/org/apache/commons/commons-digester3/3.2/commons-digester3-3.2.jar:/home/shreshtha/.m2/repository/org/testng/testng/6.9.4/testng-6.9.4.jar:/home/shreshtha/.m2/repository/org/beanshell/bsh/2.0b4/bsh-2.0b4.jar:/home/shreshtha/.m2/repository/com/beust/jcommander/1.48/jcommander-1.48.jar:/home/shreshtha/.m2/repository/org/springframework/spring-test/5.0.8.RELEASE/spring-test-5.0.8.RELEASE.jar:/home/shreshtha/.m2/repository/junit/junit/4.12/junit-4.12.jar:/home/shreshtha/.m2/repository/org/hamcrest/hamcrest-core/1.3/hamcrest-core-1.3.jar:/home/shreshtha/.m2/repository/com/sun/jersey/contribs/jersey-multipart/1.19.4/jersey-multipart-1.19.4.jar:/home/shreshtha/.m2/repository/org/jvnet/mimepull/mimepull/1.9.3/mimepull-1.9.3.jar:/home/shreshtha/.m2/repository/com/sun/jersey/jersey-core/1.19.4/jersey-core-1.19.4.jar:/home/shreshtha/.m2/repository/com/sun/jersey/jersey-json/1.19.4/jersey-json-1.19.4.jar:/home/shreshtha/.m2/repository/org/codehaus/jettison/jettison/1.1/jettison-1.1.jar:/home/shreshtha/.m2/repository/com/sun/xml/bind/jaxb-impl/2.2.3-1/jaxb-impl-2.2.3-1.jar:/home/shreshtha/.m2/repository/org/codehaus/jackson/jackson-core-asl/1.9.2/jackson-core-asl-1.9.2.jar:/home/shreshtha/.m2/repository/org/codehaus/jackson/jackson-mapper-asl/1.9.2/jackson-mapper-asl-1.9.2.jar:/home/shreshtha/.m2/repository/org/codehaus/jackson/jackson-jaxrs/1.9.2/jackson-jaxrs-1.9.2.jar:/home/shreshtha/.m2/repository/org/codehaus/jackson/jackson-xc/1.9.2/jackson-xc-1.9.2.jar:/home/shreshtha/.m2/repository/org/glassfish/jersey/core/jersey-server/2.27/jersey-server-2.27.jar:/home/shreshtha/.m2/repository/org/glassfish/jersey/core/jersey-common/2.27/jersey-common-2.27.jar:/home/shreshtha/.m2/repository/org/glassfish/hk2/osgi-resource-locator/1.0.1/osgi-resource-locator-1.0.1.jar:/home/shreshtha/.m2/repository/org/glassfish/jersey/core/jersey-client/2.27/jersey-client-2.27.jar:/home/shreshtha/.m2/repository/javax/ws/rs/javax.ws.rs-api/2.1/javax.ws.rs-api-2.1.jar:/home/shreshtha/.m2/repository/org/glassfish/jersey/media/jersey-media-jaxb/2.27/jersey-media-jaxb-2.27.jar:/home/shreshtha/.m2/repository/javax/annotation/javax.annotation-api/1.2/javax.annotation-api-1.2.jar:/home/shreshtha/.m2/repository/org/glassfish/hk2/external/javax.inject/2.5.0-b42/javax.inject-2.5.0-b42.jar:/home/shreshtha/.m2/repository/javax/validation/validation-api/1.1.0.Final/validation-api-1.1.0.Final.jar:/home/shreshtha/.m2/repository/org/springframework/spring-core/5.1.7.RELEASE/spring-core-5.1.7.RELEASE.jar:/home/shreshtha/.m2/repository/org/springframework/spring-jcl/5.1.7.RELEASE/spring-jcl-5.1.7.RELEASE.jar:/home/shreshtha/.m2/repository/org/springframework/spring-context/5.0.7.RELEASE/spring-context-5.0.7.RELEASE.jar:/home/shreshtha/.m2/repository/org/springframework/spring-beans/5.0.7.RELEASE/spring-beans-5.0.7.RELEASE.jar:/home/shreshtha/.m2/repository/org/springframework/spring-expression/5.0.7.RELEASE/spring-expression-5.0.7.RELEASE.jar:/home/shreshtha/.m2/repository/org/springframework/spring-web/5.0.7.RELEASE/spring-web-5.0.7.RELEASE.jar:/home/shreshtha/.m2/repository/org/springframework/spring-context-support/5.0.8.RELEASE/spring-context-support-5.0.8.RELEASE.jar:/home/shreshtha/.m2/repository/org/springframework/spring-aop/5.0.8.RELEASE/spring-aop-5.0.8.RELEASE.jar:/home/shreshtha/.m2/repository/com/sun/jersey/contribs/jersey-spring/1.19.4/jersey-spring-1.19.4.jar:/home/shreshtha/.m2/repository/com/sun/jersey/jersey-servlet/1.19.4/jersey-servlet-1.19.4.jar:/home/shreshtha/.m2/repository/com/sun/jersey/jersey-server/1.19.4/jersey-server-1.19.4.jar:/home/shreshtha/.m2/repository/org/springframework/integration/spring-integration-core/5.0.7.RELEASE/spring-integration-core-5.0.7.RELEASE.jar:/home/shreshtha/.m2/repository/org/springframework/spring-messaging/5.0.8.RELEASE/spring-messaging-5.0.8.RELEASE.jar:/home/shreshtha/.m2/repository/org/springframework/spring-tx/5.0.8.RELEASE/spring-tx-5.0.8.RELEASE.jar:/home/shreshtha/.m2/repository/org/springframework/retry/spring-retry/1.2.2.RELEASE/spring-retry-1.2.2.RELEASE.jar:/home/shreshtha/.m2/repository/io/projectreactor/reactor-core/3.1.6.RELEASE/reactor-core-3.1.6.RELEASE.jar:/home/shreshtha/.m2/repository/org/reactivestreams/reactive-streams/1.0.2/reactive-streams-1.0.2.jar:/home/shreshtha/.m2/repository/org/springframework/integration/spring-integration-jmx/5.0.7.RELEASE/spring-integration-jmx-5.0.7.RELEASE.jar:/home/shreshtha/.m2/repository/org/springframework/integration/spring-integration-jms/5.0.7.RELEASE/spring-integration-jms-5.0.7.RELEASE.jar:/home/shreshtha/.m2/repository/org/springframework/spring-jms/5.0.8.RELEASE/spring-jms-5.0.8.RELEASE.jar:/home/shreshtha/.m2/repository/org/springframework/integration/spring-integration-ip/5.0.7.RELEASE/spring-integration-ip-5.0.7.RELEASE.jar:/home/shreshtha/.m2/repository/org/springframework/security/oauth/spring-security-oauth2/2.0.7.RELEASE/spring-security-oauth2-2.0.7.RELEASE.jar:/home/shreshtha/.m2/repository/org/springframework/spring-webmvc/4.0.9.RELEASE/spring-webmvc-4.0.9.RELEASE.jar:/home/shreshtha/.m2/repository/javax/servlet/javax.servlet-api/4.0.1/javax.servlet-api-4.0.1.jar:/home/shreshtha/.m2/repository/javax/servlet/jsp/jsp-api/2.2.1-b03/jsp-api-2.2.1-b03.jar:/home/shreshtha/.m2/repository/javax/servlet/jstl/1.2/jstl-1.2.jar:/home/shreshtha/.m2/repository/org/springframework/data/spring-data-mongodb/2.1.1.RELEASE/spring-data-mongodb-2.1.1.RELEASE.jar:/home/shreshtha/.m2/repository/org/springframework/data/spring-data-commons/2.1.1.RELEASE/spring-data-commons-2.1.1.RELEASE.jar:/home/shreshtha/.m2/repository/org/mongodb/mongo-java-driver/3.8.2/mongo-java-driver-3.8.2.jar:/home/shreshtha/.m2/repository/cglib/cglib/2.2.2/cglib-2.2.2.jar:/home/shreshtha/.m2/repository/org/apache/httpcomponents/httpclient/4.5.2/httpclient-4.5.2.jar:/home/shreshtha/.m2/repository/org/apache/httpcomponents/httpcore/4.4.4/httpcore-4.4.4.jar:/home/shreshtha/.m2/repository/commons-logging/commons-logging/1.2/commons-logging-1.2.jar:/home/shreshtha/.m2/repository/commons-collections/commons-collections/3.2.2/commons-collections-3.2.2.jar:/home/shreshtha/.m2/repository/org/apache/commons/commons-lang3/3.3.2/commons-lang3-3.3.2.jar:/home/shreshtha/.m2/repository/commons-io/commons-io/2.4/commons-io-2.4.jar:/home/shreshtha/.m2/repository/commons-fileupload/commons-fileupload/1.3.1/commons-fileupload-1.3.1.jar:/home/shreshtha/.m2/repository/commons-codec/commons-codec/1.9/commons-codec-1.9.jar:/home/shreshtha/.m2/repository/net/sf/dozer/dozer/5.4.0/dozer-5.4.0.jar:/home/shreshtha/.m2/repository/commons-beanutils/commons-beanutils/1.8.3/commons-beanutils-1.8.3.jar:/home/shreshtha/.m2/repository/org/slf4j/jcl-over-slf4j/1.6.6/jcl-over-slf4j-1.6.6.jar:/home/shreshtha/.m2/repository/javax/mail/mail/1.4.7/mail-1.4.7.jar:/home/shreshtha/.m2/repository/javax/activation/activation/1.1/activation-1.1.jar:/home/shreshtha/.m2/repository/joda-time/joda-time/2.3/joda-time-2.3.jar:/home/shreshtha/.m2/repository/log4j/log4j/1.2.17/log4j-1.2.17.jar:/home/shreshtha/.m2/repository/org/apache/logging/log4j/log4j-core/2.12.0/log4j-core-2.12.0.jar:/home/shreshtha/.m2/repository/org/apache/logging/log4j/log4j-api/2.12.0/log4j-api-2.12.0.jar:/home/shreshtha/.m2/repository/net/sf/jasperreports/jasperreports/6.2.2/jasperreports-6.2.2.jar:/home/shreshtha/.m2/repository/commons-digester/commons-digester/2.1/commons-digester-2.1.jar:/home/shreshtha/.m2/repository/com/lowagie/itext/2.1.7.js5/itext-2.1.7.js5.jar:/home/shreshtha/.m2/repository/bouncycastle/bcmail-jdk14/138/bcmail-jdk14-138.jar:/home/shreshtha/.m2/repository/org/jfree/jcommon/1.0.23/jcommon-1.0.23.jar:/home/shreshtha/.m2/repository/org/jfree/jfreechart/1.0.19/jfreechart-1.0.19.jar:/home/shreshtha/.m2/repository/org/eclipse/jdt/core/compiler/ecj/4.3.1/ecj-4.3.1.jar:/home/shreshtha/.m2/repository/org/codehaus/castor/castor-xml/1.3.3/castor-xml-1.3.3.jar:/home/shreshtha/.m2/repository/org/codehaus/castor/castor-core/1.3.3/castor-core-1.3.3.jar:/home/shreshtha/.m2/repository/javax/inject/javax.inject/1/javax.inject-1.jar:/home/shreshtha/.m2/repository/stax/stax/1.2.0/stax-1.2.0.jar:/home/shreshtha/.m2/repository/stax/stax-api/1.0.1/stax-api-1.0.1.jar:/home/shreshtha/.m2/repository/javax/xml/stream/stax-api/1.0-2/stax-api-1.0-2.jar:/home/shreshtha/.m2/repository/org/olap4j/olap4j/0.9.7.309-JS-3/olap4j-0.9.7.309-JS-3.jar:/home/shreshtha/.m2/repository/com/ibm/icu/icu4j/57.1/icu4j-57.1.jar:/home/shreshtha/.m2/repository/com/jaspersoft/connectors/mongodb/js-mongodb-datasource/0.9.3/js-mongodb-datasource-0.9.3.jar:/home/shreshtha/.m2/repository/commons-pool/commons-pool/1.6/commons-pool-1.6.jar:/home/shreshtha/.m2/repository/org/hibernate/hibernate-validator/5.2.4.Final/hibernate-validator-5.2.4.Final.jar:/home/shreshtha/.m2/repository/org/jboss/logging/jboss-logging/3.2.1.Final/jboss-logging-3.2.1.Final.jar:/home/shreshtha/.m2/repository/com/fasterxml/classmate/1.1.0/classmate-1.1.0.jar:/home/shreshtha/.m2/repository/xml-apis/xml-apis/1.4.01/xml-apis-1.4.01.jar:/home/shreshtha/.m2/repository/ar/com/fdvs/DynamicJasper/5.0.10/DynamicJasper-5.0.10.jar:/home/shreshtha/.m2/repository/org/slf4j/slf4j-api/1.7.5/slf4j-api-1.7.5.jar:/home/shreshtha/.m2/repository/org/slf4j/slf4j-log4j12/1.6.4/slf4j-log4j12-1.6.4.jar:/home/shreshtha/.m2/repository/org/apache/velocity/velocity/1.7/velocity-1.7.jar:/home/shreshtha/.m2/repository/commons-lang/commons-lang/2.4/commons-lang-2.4.jar:/home/shreshtha/.m2/repository/org/apache/velocity/velocity-tools/2.0/velocity-tools-2.0.jar:/home/shreshtha/.m2/repository/commons-chain/commons-chain/1.1/commons-chain-1.1.jar:/home/shreshtha/.m2/repository/commons-validator/commons-validator/1.3.1/commons-validator-1.3.1.jar:/home/shreshtha/.m2/repository/dom4j/dom4j/1.1/dom4j-1.1.jar:/home/shreshtha/.m2/repository/oro/oro/2.0.8/oro-2.0.8.jar:/home/shreshtha/.m2/repository/sslext/sslext/1.2-0/sslext-1.2-0.jar:/home/shreshtha/.m2/repository/org/apache/struts/struts-core/1.3.8/struts-core-1.3.8.jar:/home/shreshtha/.m2/repository/antlr/antlr/2.7.2/antlr-2.7.2.jar:/home/shreshtha/.m2/repository/org/apache/struts/struts-taglib/1.3.8/struts-taglib-1.3.8.jar:/home/shreshtha/.m2/repository/org/apache/struts/struts-tiles/1.3.8/struts-tiles-1.3.8.jar:/home/shreshtha/.m2/repository/org/bouncycastle/bcprov-jdk15on/1.50/bcprov-jdk15on-1.50.jar:/home/shreshtha/.m2/repository/com/google/maps/google-maps-services/0.1.9/google-maps-services-0.1.9.jar:/home/shreshtha/.m2/repository/com/squareup/okhttp/okhttp/2.0.0/okhttp-2.0.0.jar:/home/shreshtha/.m2/repository/com/squareup/okio/okio/1.0.0/okio-1.0.0.jar:/home/shreshtha/.m2/repository/com/google/code/gson/gson/2.3.1/gson-2.3.1.jar:/home/shreshtha/.m2/repository/com/amazonaws/aws-java-sdk/1.11.20/aws-java-sdk-1.11.20.jar:/home/shreshtha/.m2/repository/com/amazonaws/aws-java-sdk-servicecatalog/1.11.20/aws-java-sdk-servicecatalog-1.11.20.jar:/home/shreshtha/.m2/repository/com/amazonaws/aws-java-sdk-s3/1.11.20/aws-java-sdk-s3-1.11.20.jar:/home/shreshtha/.m2/repository/com/amazonaws/aws-java-sdk-sqs/1.11.20/aws-java-sdk-sqs-1.11.20.jar:/home/shreshtha/.m2/repository/com/amazonaws/aws-java-sdk-sns/1.11.20/aws-java-sdk-sns-1.11.20.jar:/home/shreshtha/.m2/repository/com/amazonaws/aws-java-sdk-events/1.11.20/aws-java-sdk-events-1.11.20.jar:/home/shreshtha/.m2/repository/com/amazonaws/aws-java-sdk-ses/1.11.20/aws-java-sdk-ses-1.11.20.jar:/home/shreshtha/.m2/repository/com/amazonaws/aws-java-sdk-ecr/1.11.20/aws-java-sdk-ecr-1.11.20.jar:/home/shreshtha/.m2/repository/com/amazonaws/aws-java-sdk-elasticsearch/1.11.20/aws-java-sdk-elasticsearch-1.11.20.jar:/home/shreshtha/.m2/repository/com/amazonaws/aws-java-sdk-waf/1.11.20/aws-java-sdk-waf-1.11.20.jar:/home/shreshtha/.m2/repository/com/amazonaws/aws-java-sdk-marketplacecommerceanalytics/1.11.20/aws-java-sdk-marketplacecommerceanalytics-1.11.20.jar:/home/shreshtha/.m2/repository/com/amazonaws/aws-java-sdk-inspector/1.11.20/aws-java-sdk-inspector-1.11.20.jar:/home/shreshtha/.m2/repository/com/amazonaws/aws-java-sdk-iot/1.11.20/aws-java-sdk-iot-1.11.20.jar:/home/shreshtha/.m2/repository/com/amazonaws/aws-java-sdk-api-gateway/1.11.20/aws-java-sdk-api-gateway-1.11.20.jar:/home/shreshtha/.m2/repository/com/amazonaws/aws-java-sdk-acm/1.11.20/aws-java-sdk-acm-1.11.20.jar:/home/shreshtha/.m2/repository/com/amazonaws/aws-java-sdk-gamelift/1.11.20/aws-java-sdk-gamelift-1.11.20.jar:/home/shreshtha/.m2/repository/com/amazonaws/aws-java-sdk-dms/1.11.20/aws-java-sdk-dms-1.11.20.jar:/home/shreshtha/.m2/repository/com/amazonaws/aws-java-sdk-marketplacemeteringservice/1.11.20/aws-java-sdk-marketplacemeteringservice-1.11.20.jar:/home/shreshtha/.m2/repository/com/amazonaws/aws-java-sdk-cognitoidp/1.11.20/aws-java-sdk-cognitoidp-1.11.20.jar:/home/shreshtha/.m2/repository/com/amazonaws/aws-java-sdk-discovery/1.11.20/aws-java-sdk-discovery-1.11.20.jar:/home/shreshtha/.m2/repository/com/amazonaws/aws-java-sdk-applicationautoscaling/1.11.20/aws-java-sdk-applicationautoscaling-1.11.20.jar:/home/shreshtha/.m2/repository/com/amazonaws/aws-java-sdk-core/1.11.20/aws-java-sdk-core-1.11.20.jar:/home/shreshtha/.m2/repository/com/fasterxml/jackson/dataformat/jackson-dataformat-cbor/2.6.6/jackson-dataformat-cbor-2.6.6.jar:/home/shreshtha/.m2/repository/com/fasterxml/jackson/core/jackson-databind/2.9.8/jackson-databind-2.9.8.jar:/home/shreshtha/.m2/repository/com/fasterxml/jackson/core/jackson-annotations/2.9.8/jackson-annotations-2.9.8.jar:/home/shreshtha/.m2/repository/com/fasterxml/jackson/core/jackson-core/2.9.8/jackson-core-2.9.8.jar:/home/shreshtha/.m2/repository/org/springframework/security/spring-security-core/3.2.5.RELEASE/spring-security-core-3.2.5.RELEASE.jar:/home/shreshtha/.m2/repository/aopalliance/aopalliance/1.0/aopalliance-1.0.jar:/home/shreshtha/.m2/repository/org/springframework/security/spring-security-web/3.2.5.RELEASE/spring-security-web-3.2.5.RELEASE.jar:/home/shreshtha/.m2/repository/org/springframework/security/spring-security-config/3.2.5.RELEASE/spring-security-config-3.2.5.RELEASE.jar:/home/shreshtha/.m2/repository/com/google/zxing/core/3.3.0/core-3.3.0.jar:/home/shreshtha/.m2/repository/com/google/zxing/javase/3.3.0/javase-3.3.0.jar:/home/shreshtha/.m2/repository/com/github/jai-imageio/jai-imageio-core/1.3.1/jai-imageio-core-1.3.1.jar:/home/shreshtha/.m2/repository/org/apache/pdfbox/pdfbox/2.0.9/pdfbox-2.0.9.jar:/home/shreshtha/.m2/repository/org/apache/pdfbox/fontbox/2.0.9/fontbox-2.0.9.jar:/home/shreshtha/.m2/repository/org/apache/pdfbox/pdfbox-tools/2.0.9/pdfbox-tools-2.0.9.jar:/home/shreshtha/.m2/repository/org/apache/pdfbox/pdfbox-debugger/2.0.9/pdfbox-debugger-2.0.9.jar:/home/shreshtha/.m2/repository/org/aspectj/aspectjrt/1.9.4/aspectjrt-1.9.4.jar:/home/shreshtha/.m2/repository/org/aspectj/aspectjweaver/1.9.4/aspectjweaver-1.9.4.jar:/home/shreshtha/.m2/repository/org/aspectj/aspectjtools/1.9.4/aspectjtools-1.9.4.jar:/home/shreshtha/.m2/repository/com/ganyo/gcm-server/1.0.2/gcm-server-1.0.2.jar:/home/shreshtha/.m2/repository/com/googlecode/json-simple/json-simple/1.1/json-simple-1.1.jar:/home/shreshtha/.m2/repository/com/google/firebase/firebase-admin/6.16.0/firebase-admin-6.16.0.jar:/home/shreshtha/.m2/repository/com/google/api-client/google-api-client/1.30.10/google-api-client-1.30.10.jar:/home/shreshtha/.m2/repository/com/google/oauth-client/google-oauth-client/1.31.0/google-oauth-client-1.31.0.jar:/home/shreshtha/.m2/repository/com/google/http-client/google-http-client-jackson2/1.36.0/google-http-client-jackson2-1.36.0.jar:/home/shreshtha/.m2/repository/com/google/api-client/google-api-client-gson/1.30.10/google-api-client-gson-1.30.10.jar:/home/shreshtha/.m2/repository/com/google/http-client/google-http-client-gson/1.36.0/google-http-client-gson-1.36.0.jar:/home/shreshtha/.m2/repository/com/google/http-client/google-http-client/1.35.0/google-http-client-1.35.0.jar:/home/shreshtha/.m2/repository/com/google/code/findbugs/jsr305/3.0.2/jsr305-3.0.2.jar:/home/shreshtha/.m2/repository/com/google/j2objc/j2objc-annotations/1.3/j2objc-annotations-1.3.jar:/home/shreshtha/.m2/repository/io/opencensus/opencensus-api/0.24.0/opencensus-api-0.24.0.jar:/home/shreshtha/.m2/repository/io/opencensus/opencensus-contrib-http-util/0.24.0/opencensus-contrib-http-util-0.24.0.jar:/home/shreshtha/.m2/repository/com/google/api/api-common/1.9.2/api-common-1.9.2.jar:/home/shreshtha/.m2/repository/com/google/auto/value/auto-value-annotations/1.7.2/auto-value-annotations-1.7.2.jar:/home/shreshtha/.m2/repository/com/google/auth/google-auth-library-oauth2-http/0.20.0/google-auth-library-oauth2-http-0.20.0.jar:/home/shreshtha/.m2/repository/com/google/auth/google-auth-library-credentials/0.20.0/google-auth-library-credentials-0.20.0.jar:/home/shreshtha/.m2/repository/com/google/cloud/google-cloud-storage/1.110.0/google-cloud-storage-1.110.0.jar:/home/shreshtha/.m2/repository/com/google/guava/failureaccess/1.0.1/failureaccess-1.0.1.jar:/home/shreshtha/.m2/repository/com/google/guava/listenablefuture/9999.0-empty-to-avoid-conflict-with-guava/listenablefuture-9999.0-empty-to-avoid-conflict-with-guava.jar:/home/shreshtha/.m2/repository/org/checkerframework/checker-compat-qual/2.5.5/checker-compat-qual-2.5.5.jar:/home/shreshtha/.m2/repository/com/google/errorprone/error_prone_annotations/2.3.4/error_prone_annotations-2.3.4.jar:/home/shreshtha/.m2/repository/com/google/apis/google-api-services-storage/v1-rev20200430-1.30.9/google-api-services-storage-v1-rev20200430-1.30.9.jar:/home/shreshtha/.m2/repository/com/google/cloud/google-cloud-core/1.93.6/google-cloud-core-1.93.6.jar:/home/shreshtha/.m2/repository/com/google/api/grpc/proto-google-common-protos/1.18.0/proto-google-common-protos-1.18.0.jar:/home/shreshtha/.m2/repository/com/google/cloud/google-cloud-core-http/1.93.6/google-cloud-core-http-1.93.6.jar:/home/shreshtha/.m2/repository/com/google/http-client/google-http-client-appengine/1.35.0/google-http-client-appengine-1.35.0.jar:/home/shreshtha/.m2/repository/com/google/api/gax-httpjson/0.74.0/gax-httpjson-0.74.0.jar:/home/shreshtha/.m2/repository/com/google/api/gax/1.57.0/gax-1.57.0.jar:/home/shreshtha/.m2/repository/io/grpc/grpc-context/1.30.0/grpc-context-1.30.0.jar:/home/shreshtha/.m2/repository/com/google/api/grpc/proto-google-iam-v1/0.13.0/proto-google-iam-v1-0.13.0.jar:/home/shreshtha/.m2/repository/com/google/protobuf/protobuf-java/3.12.2/protobuf-java-3.12.2.jar:/home/shreshtha/.m2/repository/com/google/protobuf/protobuf-java-util/3.12.2/protobuf-java-util-3.12.2.jar:/home/shreshtha/.m2/repository/org/threeten/threetenbp/1.4.4/threetenbp-1.4.4.jar:/home/shreshtha/.m2/repository/com/google/cloud/google-cloud-firestore/1.35.0/google-cloud-firestore-1.35.0.jar:/home/shreshtha/.m2/repository/com/google/cloud/google-cloud-core-grpc/1.93.6/google-cloud-core-grpc-1.93.6.jar:/home/shreshtha/.m2/repository/io/grpc/grpc-core/1.30.0/grpc-core-1.30.0.jar:/home/shreshtha/.m2/repository/com/google/android/annotations/4.1.1.4/annotations-4.1.1.4.jar:/home/shreshtha/.m2/repository/io/perfmark/perfmark-api/0.19.0/perfmark-api-0.19.0.jar:/home/shreshtha/.m2/repository/com/google/api/grpc/proto-google-cloud-firestore-admin-v1/1.35.0/proto-google-cloud-firestore-admin-v1-1.35.0.jar:/home/shreshtha/.m2/repository/com/google/api/grpc/proto-google-cloud-firestore-v1/1.35.0/proto-google-cloud-firestore-v1-1.35.0.jar:/home/shreshtha/.m2/repository/com/google/api/grpc/proto-google-cloud-firestore-v1beta1/0.88.0/proto-google-cloud-firestore-v1beta1-0.88.0.jar:/home/shreshtha/.m2/repository/io/opencensus/opencensus-contrib-grpc-util/0.24.0/opencensus-contrib-grpc-util-0.24.0.jar:/home/shreshtha/.m2/repository/io/grpc/grpc-protobuf/1.30.0/grpc-protobuf-1.30.0.jar:/home/shreshtha/.m2/repository/io/grpc/grpc-protobuf-lite/1.30.0/grpc-protobuf-lite-1.30.0.jar:/home/shreshtha/.m2/repository/org/codehaus/mojo/animal-sniffer-annotations/1.18/animal-sniffer-annotations-1.18.jar:/home/shreshtha/.m2/repository/io/grpc/grpc-api/1.30.0/grpc-api-1.30.0.jar:/home/shreshtha/.m2/repository/com/google/api/gax-grpc/1.57.0/gax-grpc-1.57.0.jar:/home/shreshtha/.m2/repository/io/grpc/grpc-auth/1.30.0/grpc-auth-1.30.0.jar:/home/shreshtha/.m2/repository/io/grpc/grpc-netty-shaded/1.30.0/grpc-netty-shaded-1.30.0.jar:/home/shreshtha/.m2/repository/io/grpc/grpc-alts/1.30.0/grpc-alts-1.30.0.jar:/home/shreshtha/.m2/repository/io/grpc/grpc-grpclb/1.30.0/grpc-grpclb-1.30.0.jar:/home/shreshtha/.m2/repository/org/conscrypt/conscrypt-openjdk-uber/2.2.1/conscrypt-openjdk-uber-2.2.1.jar:/home/shreshtha/.m2/repository/io/grpc/grpc-stub/1.30.0/grpc-stub-1.30.0.jar:/home/shreshtha/.m2/repository/io/netty/netty-codec-http/4.1.50.Final/netty-codec-http-4.1.50.Final.jar:/home/shreshtha/.m2/repository/io/netty/netty-common/4.1.50.Final/netty-common-4.1.50.Final.jar:/home/shreshtha/.m2/repository/io/netty/netty-buffer/4.1.50.Final/netty-buffer-4.1.50.Final.jar:/home/shreshtha/.m2/repository/io/netty/netty-codec/4.1.50.Final/netty-codec-4.1.50.Final.jar:/home/shreshtha/.m2/repository/io/netty/netty-handler/4.1.50.Final/netty-handler-4.1.50.Final.jar:/home/shreshtha/.m2/repository/io/netty/netty-resolver/4.1.50.Final/netty-resolver-4.1.50.Final.jar:/home/shreshtha/.m2/repository/io/netty/netty-transport/4.1.50.Final/netty-transport-4.1.50.Final.jar:/home/shreshtha/.m2/repository/com/notnoop/apns/apns/0.2.3/apns-0.2.3.jar:/home/shreshtha/.m2/repository/com/google/guava/guava/18.0/guava-18.0.jar:/home/shreshtha/.m2/repository/io/swagger/swagger-jaxrs/1.5.0/swagger-jaxrs-1.5.0.jar:/home/shreshtha/.m2/repository/com/fasterxml/jackson/dataformat/jackson-dataformat-yaml/2.4.2/jackson-dataformat-yaml-2.4.2.jar:/home/shreshtha/.m2/repository/com/fasterxml/jackson/dataformat/jackson-dataformat-xml/2.4.2/jackson-dataformat-xml-2.4.2.jar:/home/shreshtha/.m2/repository/com/fasterxml/jackson/module/jackson-module-jaxb-annotations/2.4.2/jackson-module-jaxb-annotations-2.4.2.jar:/home/shreshtha/.m2/repository/org/codehaus/woodstox/stax2-api/3.1.4/stax2-api-3.1.4.jar:/home/shreshtha/.m2/repository/com/fasterxml/jackson/jaxrs/jackson-jaxrs-json-provider/2.4.2/jackson-jaxrs-json-provider-2.4.2.jar:/home/shreshtha/.m2/repository/com/fasterxml/jackson/jaxrs/jackson-jaxrs-base/2.4.2/jackson-jaxrs-base-2.4.2.jar:/home/shreshtha/.m2/repository/io/swagger/swagger-core/1.5.0/swagger-core-1.5.0.jar:/home/shreshtha/.m2/repository/com/fasterxml/jackson/datatype/jackson-datatype-joda/2.4.2/jackson-datatype-joda-2.4.2.jar:/home/shreshtha/.m2/repository/io/swagger/swagger-annotations/1.5.0/swagger-annotations-1.5.0.jar:/home/shreshtha/.m2/repository/io/swagger/swagger-models/1.5.0/swagger-models-1.5.0.jar:/home/shreshtha/.m2/repository/org/reflections/reflections/0.9.10/reflections-0.9.10.jar:/home/shreshtha/.m2/repository/org/javassist/javassist/3.19.0-GA/javassist-3.19.0-GA.jar:/home/shreshtha/.m2/repository/com/google/code/findbugs/annotations/2.0.1/annotations-2.0.1.jar:/home/shreshtha/.m2/repository/org/springframework/data/spring-data-elasticsearch/3.2.0.M2/spring-data-elasticsearch-3.2.0.M2.jar:/home/shreshtha/.m2/repository/org/elasticsearch/client/transport/6.6.1/transport-6.6.1.jar:/home/shreshtha/.m2/repository/org/elasticsearch/elasticsearch/6.6.1/elasticsearch-6.6.1.jar:/home/shreshtha/.m2/repository/org/elasticsearch/elasticsearch-core/6.6.1/elasticsearch-core-6.6.1.jar:/home/shreshtha/.m2/repository/org/elasticsearch/elasticsearch-secure-sm/6.6.1/elasticsearch-secure-sm-6.6.1.jar:/home/shreshtha/.m2/repository/org/elasticsearch/elasticsearch-x-content/6.6.1/elasticsearch-x-content-6.6.1.jar:/home/shreshtha/.m2/repository/org/yaml/snakeyaml/1.17/snakeyaml-1.17.jar:/home/shreshtha/.m2/repository/com/fasterxml/jackson/dataformat/jackson-dataformat-smile/2.8.11/jackson-dataformat-smile-2.8.11.jar:/home/shreshtha/.m2/repository/org/apache/lucene/lucene-core/7.6.0/lucene-core-7.6.0.jar:/home/shreshtha/.m2/repository/org/apache/lucene/lucene-analyzers-common/7.6.0/lucene-analyzers-common-7.6.0.jar:/home/shreshtha/.m2/repository/org/apache/lucene/lucene-backward-codecs/7.6.0/lucene-backward-codecs-7.6.0.jar:/home/shreshtha/.m2/repository/org/apache/lucene/lucene-grouping/7.6.0/lucene-grouping-7.6.0.jar:/home/shreshtha/.m2/repository/org/apache/lucene/lucene-highlighter/7.6.0/lucene-highlighter-7.6.0.jar:/home/shreshtha/.m2/repository/org/apache/lucene/lucene-join/7.6.0/lucene-join-7.6.0.jar:/home/shreshtha/.m2/repository/org/apache/lucene/lucene-memory/7.6.0/lucene-memory-7.6.0.jar:/home/shreshtha/.m2/repository/org/apache/lucene/lucene-misc/7.6.0/lucene-misc-7.6.0.jar:/home/shreshtha/.m2/repository/org/apache/lucene/lucene-queries/7.6.0/lucene-queries-7.6.0.jar:/home/shreshtha/.m2/repository/org/apache/lucene/lucene-queryparser/7.6.0/lucene-queryparser-7.6.0.jar:/home/shreshtha/.m2/repository/org/apache/lucene/lucene-sandbox/7.6.0/lucene-sandbox-7.6.0.jar:/home/shreshtha/.m2/repository/org/apache/lucene/lucene-spatial/7.6.0/lucene-spatial-7.6.0.jar:/home/shreshtha/.m2/repository/org/apache/lucene/lucene-spatial-extras/7.6.0/lucene-spatial-extras-7.6.0.jar:/home/shreshtha/.m2/repository/org/apache/lucene/lucene-spatial3d/7.6.0/lucene-spatial3d-7.6.0.jar:/home/shreshtha/.m2/repository/org/apache/lucene/lucene-suggest/7.6.0/lucene-suggest-7.6.0.jar:/home/shreshtha/.m2/repository/org/elasticsearch/elasticsearch-cli/6.6.1/elasticsearch-cli-6.6.1.jar:/home/shreshtha/.m2/repository/net/sf/jopt-simple/jopt-simple/5.0.2/jopt-simple-5.0.2.jar:/home/shreshtha/.m2/repository/com/carrotsearch/hppc/0.7.1/hppc-0.7.1.jar:/home/shreshtha/.m2/repository/com/tdunning/t-digest/3.2/t-digest-3.2.jar:/home/shreshtha/.m2/repository/org/hdrhistogram/HdrHistogram/2.1.9/HdrHistogram-2.1.9.jar:/home/shreshtha/.m2/repository/org/elasticsearch/jna/4.5.1/jna-4.5.1.jar:/home/shreshtha/.m2/repository/org/elasticsearch/plugin/reindex-client/6.6.1/reindex-client-6.6.1.jar:/home/shreshtha/.m2/repository/org/elasticsearch/plugin/lang-mustache-client/6.6.1/lang-mustache-client-6.6.1.jar:/home/shreshtha/.m2/repository/com/github/spullara/mustache/java/compiler/0.9.3/compiler-0.9.3.jar:/home/shreshtha/.m2/repository/org/elasticsearch/plugin/percolator-client/6.6.1/percolator-client-6.6.1.jar:/home/shreshtha/.m2/repository/org/elasticsearch/plugin/parent-join-client/6.6.1/parent-join-client-6.6.1.jar:/home/shreshtha/.m2/repository/org/elasticsearch/plugin/rank-eval-client/6.6.1/rank-eval-client-6.6.1.jar:/home/shreshtha/.m2/repository/org/elasticsearch/plugin/transport-netty4-client/6.6.1/transport-netty4-client-6.6.1.jar:/home/shreshtha/.m2/repository/org/elasticsearch/client/elasticsearch-rest-high-level-client/6.6.1/elasticsearch-rest-high-level-client-6.6.1.jar:/home/shreshtha/.m2/repository/org/elasticsearch/client/elasticsearch-rest-client/6.6.1/elasticsearch-rest-client-6.6.1.jar:/home/shreshtha/.m2/repository/org/elasticsearch/plugin/aggs-matrix-stats-client/6.6.1/aggs-matrix-stats-client-6.6.1.jar:/home/shreshtha/.m2/repository/org/springframework/spring-orm/5.0.8.RELEASE/spring-orm-5.0.8.RELEASE.jar:/home/shreshtha/.m2/repository/org/springframework/spring-jdbc/5.0.8.RELEASE/spring-jdbc-5.0.8.RELEASE.jar:/home/shreshtha/.m2/repository/com/razorpay/razorpay-java/1.3.8/razorpay-java-1.3.8.jar:/home/shreshtha/.m2/repository/com/squareup/okhttp3/okhttp/3.10.0/okhttp-3.10.0.jar:/home/shreshtha/.m2/repository/com/squareup/okhttp3/logging-interceptor/3.10.0/logging-interceptor-3.10.0.jar:/home/shreshtha/.m2/repository/org/json/json/20180130/json-20180130.jar:/home/shreshtha/.m2/repository/org/apache/commons/commons-text/1.3/commons-text-1.3.jar:/home/shreshtha/.m2/repository/com/twilio/sdk/twilio/7.52.0/twilio-7.52.0.jar:/home/shreshtha/.m2/repository/io/jsonwebtoken/jjwt-api/0.10.7/jjwt-api-0.10.7.jar:/home/shreshtha/.m2/repository/io/jsonwebtoken/jjwt-jackson/0.10.7/jjwt-jackson-0.10.7.jar:/home/shreshtha/.m2/repository/io/jsonwebtoken/jjwt-impl/0.10.7/jjwt-impl-0.10.7.jar:/home/shreshtha/.m2/repository/javax/xml/bind/jaxb-api/2.2/jaxb-api-2.2.jar:/home/shreshtha/.m2/repository/ro/fortsoft/sms-util/sms-util/1.0/sms-util-1.0.jar:/home/shreshtha/.m2/repository/net/sf/jasperreports/jasperreports-fonts/4.0.0/jasperreports-fonts-4.0.0.jar:/home/shreshtha/HealthcocoProjects/healthcoco-backend-app/dpdocter/src/main/resources/jasperreports-htmlcomponent-5.0.1.jar:/home/shreshtha/.m2/repository/org/xhtmlrenderer/flying-saucer-pdf/9.1.12/flying-saucer-pdf-9.1.12.jar:/home/shreshtha/.m2/repository/org/bouncycastle/bcmail-jdk14/1.38/bcmail-jdk14-1.38.jar:/home/shreshtha/.m2/repository/org/bouncycastle/bctsp-jdk14/1.38/bctsp-jdk14-1.38.jar:/home/shreshtha/.m2/repository/org/xhtmlrenderer/flying-saucer-core/9.1.12/flying-saucer-core-9.1.12.jar:/home/shreshtha/.m2/repository/org/apache/poi/poi/3.17/poi-3.17.jar:/home/shreshtha/.m2/repository/org/apache/commons/commons-collections4/4.1/commons-collections4-4.1.jar:/home/shreshtha/.m2/repository/se/jiderhamn/classloader-leak-prevention/1.15.4/classloader-leak-prevention-1.15.4.jar:/home/shreshtha/.m2/repository/javax/servlet/servlet-api/2.5/servlet-api-2.5.jar:/home/shreshtha/.m2/repository/com/mashape/unirest/unirest-java/1.4.9/unirest-java-1.4.9.jar:/home/shreshtha/.m2/repository/org/apache/httpcomponents/httpasyncclient/4.1.1/httpasyncclient-4.1.1.jar:/home/shreshtha/.m2/repository/org/apache/httpcomponents/httpcore-nio/4.4.4/httpcore-nio-4.4.4.jar:/home/shreshtha/.m2/repository/org/apache/httpcomponents/httpmime/4.5.2/httpmime-4.5.2.jar:/home/shreshtha/.m2/repository/com/opencsv/opencsv/4.1/opencsv-4.1.jar:/home/shreshtha/.m2/repository/org/ow2/asm/asm/6.2.1/asm-6.2.1.jar:/home/shreshtha/.m2/repository/org/jboss/spec/javax/net/ssl/jboss-jsse-api_8.0_spec/1.0.0.Final/jboss-jsse-api_8.0_spec-1.0.0.Final.jar:/home/shreshtha/.m2/repository/com/github/jkutner/env-keystore/0.1.2/env-keystore-0.1.2.jar:/home/shreshtha/.m2/repository/org/bouncycastle/bcpkix-jdk15on/1.54/bcpkix-jdk15on-1.54.jar:/home/shreshtha/.m2/repository/javax/xml/parsers/jaxp-api/1.4.5/jaxp-api-1.4.5.jar:/home/shreshtha/.m2/repository/sax/sax/2.0.1/sax-2.0.1.jar:"/>
    <property name="java.vm.vendor" value="Eclipse Adoptium"/>
    <property name="sun.arch.data.model" value="64"/>
    <property name="java.vendor.url" value="https://adoptium.net/"/>
    <property name="os.name" value="Linux"/>
    <property name="java.vm.specification.version" value="17"/>
    <property name="sun.java.launcher" value="SUN_STANDARD"/>
    <property name="user.country" value="IN"/>
    <property name="sun.boot.library.path" value="/home/shreshtha/.p2/pool/plugins/org.eclipse.justj.openjdk.hotspot.jre.full.linux.x86_64_17.0.5.v20221102-0933/jre/lib"/>
    <property name="sun.java.command" value="/home/shreshtha/HealthcocoProjects/healthcoco-backend-app/dpdocter/target/surefire/surefirebooter6514780982830864040.jar /home/shreshtha/HealthcocoProjects/healthcoco-backend-app/dpdocter/target/surefire 2023-12-29T12-40-24_450-jvmRun1 surefire10114471105076729109tmp surefire_010152795483510667312tmp"/>
    <property name="jdk.debug" value="release"/>
    <property name="surefire.test.class.path" value="/home/shreshtha/HealthcocoProjects/healthcoco-backend-app/dpdocter/target/test-classes:/home/shreshtha/HealthcocoProjects/healthcoco-backend-app/dpdocter/target/classes:/home/shreshtha/.m2/repository/de/flapdoodle/embedmongo/de.flapdoodle.embedmongo/1.15/de.flapdoodle.embedmongo-1.15.jar:/home/shreshtha/.m2/repository/org/apache/commons/commons-compress/1.3/commons-compress-1.3.jar:/home/shreshtha/.m2/repository/org/mongeez/mongeez/0.9.3/mongeez-0.9.3.jar:/home/shreshtha/.m2/repository/org/apache/commons/commons-digester3/3.2/commons-digester3-3.2.jar:/home/shreshtha/.m2/repository/org/testng/testng/6.9.4/testng-6.9.4.jar:/home/shreshtha/.m2/repository/org/beanshell/bsh/2.0b4/bsh-2.0b4.jar:/home/shreshtha/.m2/repository/com/beust/jcommander/1.48/jcommander-1.48.jar:/home/shreshtha/.m2/repository/org/springframework/spring-test/5.0.8.RELEASE/spring-test-5.0.8.RELEASE.jar:/home/shreshtha/.m2/repository/junit/junit/4.12/junit-4.12.jar:/home/shreshtha/.m2/repository/org/hamcrest/hamcrest-core/1.3/hamcrest-core-1.3.jar:/home/shreshtha/.m2/repository/com/sun/jersey/contribs/jersey-multipart/1.19.4/jersey-multipart-1.19.4.jar:/home/shreshtha/.m2/repository/org/jvnet/mimepull/mimepull/1.9.3/mimepull-1.9.3.jar:/home/shreshtha/.m2/repository/com/sun/jersey/jersey-core/1.19.4/jersey-core-1.19.4.jar:/home/shreshtha/.m2/repository/com/sun/jersey/jersey-json/1.19.4/jersey-json-1.19.4.jar:/home/shreshtha/.m2/repository/org/codehaus/jettison/jettison/1.1/jettison-1.1.jar:/home/shreshtha/.m2/repository/com/sun/xml/bind/jaxb-impl/2.2.3-1/jaxb-impl-2.2.3-1.jar:/home/shreshtha/.m2/repository/org/codehaus/jackson/jackson-core-asl/1.9.2/jackson-core-asl-1.9.2.jar:/home/shreshtha/.m2/repository/org/codehaus/jackson/jackson-mapper-asl/1.9.2/jackson-mapper-asl-1.9.2.jar:/home/shreshtha/.m2/repository/org/codehaus/jackson/jackson-jaxrs/1.9.2/jackson-jaxrs-1.9.2.jar:/home/shreshtha/.m2/repository/org/codehaus/jackson/jackson-xc/1.9.2/jackson-xc-1.9.2.jar:/home/shreshtha/.m2/repository/org/glassfish/jersey/core/jersey-server/2.27/jersey-server-2.27.jar:/home/shreshtha/.m2/repository/org/glassfish/jersey/core/jersey-common/2.27/jersey-common-2.27.jar:/home/shreshtha/.m2/repository/org/glassfish/hk2/osgi-resource-locator/1.0.1/osgi-resource-locator-1.0.1.jar:/home/shreshtha/.m2/repository/org/glassfish/jersey/core/jersey-client/2.27/jersey-client-2.27.jar:/home/shreshtha/.m2/repository/javax/ws/rs/javax.ws.rs-api/2.1/javax.ws.rs-api-2.1.jar:/home/shreshtha/.m2/repository/org/glassfish/jersey/media/jersey-media-jaxb/2.27/jersey-media-jaxb-2.27.jar:/home/shreshtha/.m2/repository/javax/annotation/javax.annotation-api/1.2/javax.annotation-api-1.2.jar:/home/shreshtha/.m2/repository/org/glassfish/hk2/external/javax.inject/2.5.0-b42/javax.inject-2.5.0-b42.jar:/home/shreshtha/.m2/repository/javax/validation/validation-api/1.1.0.Final/validation-api-1.1.0.Final.jar:/home/shreshtha/.m2/repository/org/springframework/spring-core/5.1.7.RELEASE/spring-core-5.1.7.RELEASE.jar:/home/shreshtha/.m2/repository/org/springframework/spring-jcl/5.1.7.RELEASE/spring-jcl-5.1.7.RELEASE.jar:/home/shreshtha/.m2/repository/org/springframework/spring-context/5.0.7.RELEASE/spring-context-5.0.7.RELEASE.jar:/home/shreshtha/.m2/repository/org/springframework/spring-beans/5.0.7.RELEASE/spring-beans-5.0.7.RELEASE.jar:/home/shreshtha/.m2/repository/org/springframework/spring-expression/5.0.7.RELEASE/spring-expression-5.0.7.RELEASE.jar:/home/shreshtha/.m2/repository/org/springframework/spring-web/5.0.7.RELEASE/spring-web-5.0.7.RELEASE.jar:/home/shreshtha/.m2/repository/org/springframework/spring-context-support/5.0.8.RELEASE/spring-context-support-5.0.8.RELEASE.jar:/home/shreshtha/.m2/repository/org/springframework/spring-aop/5.0.8.RELEASE/spring-aop-5.0.8.RELEASE.jar:/home/shreshtha/.m2/repository/com/sun/jersey/contribs/jersey-spring/1.19.4/jersey-spring-1.19.4.jar:/home/shreshtha/.m2/repository/com/sun/jersey/jersey-servlet/1.19.4/jersey-servlet-1.19.4.jar:/home/shreshtha/.m2/repository/com/sun/jersey/jersey-server/1.19.4/jersey-server-1.19.4.jar:/home/shreshtha/.m2/repository/org/springframework/integration/spring-integration-core/5.0.7.RELEASE/spring-integration-core-5.0.7.RELEASE.jar:/home/shreshtha/.m2/repository/org/springframework/spring-messaging/5.0.8.RELEASE/spring-messaging-5.0.8.RELEASE.jar:/home/shreshtha/.m2/repository/org/springframework/spring-tx/5.0.8.RELEASE/spring-tx-5.0.8.RELEASE.jar:/home/shreshtha/.m2/repository/org/springframework/retry/spring-retry/1.2.2.RELEASE/spring-retry-1.2.2.RELEASE.jar:/home/shreshtha/.m2/repository/io/projectreactor/reactor-core/3.1.6.RELEASE/reactor-core-3.1.6.RELEASE.jar:/home/shreshtha/.m2/repository/org/reactivestreams/reactive-streams/1.0.2/reactive-streams-1.0.2.jar:/home/shreshtha/.m2/repository/org/springframework/integration/spring-integration-jmx/5.0.7.RELEASE/spring-integration-jmx-5.0.7.RELEASE.jar:/home/shreshtha/.m2/repository/org/springframework/integration/spring-integration-jms/5.0.7.RELEASE/spring-integration-jms-5.0.7.RELEASE.jar:/home/shreshtha/.m2/repository/org/springframework/spring-jms/5.0.8.RELEASE/spring-jms-5.0.8.RELEASE.jar:/home/shreshtha/.m2/repository/org/springframework/integration/spring-integration-ip/5.0.7.RELEASE/spring-integration-ip-5.0.7.RELEASE.jar:/home/shreshtha/.m2/repository/org/springframework/security/oauth/spring-security-oauth2/2.0.7.RELEASE/spring-security-oauth2-2.0.7.RELEASE.jar:/home/shreshtha/.m2/repository/org/springframework/spring-webmvc/4.0.9.RELEASE/spring-webmvc-4.0.9.RELEASE.jar:/home/shreshtha/.m2/repository/javax/servlet/javax.servlet-api/4.0.1/javax.servlet-api-4.0.1.jar:/home/shreshtha/.m2/repository/javax/servlet/jsp/jsp-api/2.2.1-b03/jsp-api-2.2.1-b03.jar:/home/shreshtha/.m2/repository/javax/servlet/jstl/1.2/jstl-1.2.jar:/home/shreshtha/.m2/repository/org/springframework/data/spring-data-mongodb/2.1.1.RELEASE/spring-data-mongodb-2.1.1.RELEASE.jar:/home/shreshtha/.m2/repository/org/springframework/data/spring-data-commons/2.1.1.RELEASE/spring-data-commons-2.1.1.RELEASE.jar:/home/shreshtha/.m2/repository/org/mongodb/mongo-java-driver/3.8.2/mongo-java-driver-3.8.2.jar:/home/shreshtha/.m2/repository/cglib/cglib/2.2.2/cglib-2.2.2.jar:/home/shreshtha/.m2/repository/org/apache/httpcomponents/httpclient/4.5.2/httpclient-4.5.2.jar:/home/shreshtha/.m2/repository/org/apache/httpcomponents/httpcore/4.4.4/httpcore-4.4.4.jar:/home/shreshtha/.m2/repository/commons-logging/commons-logging/1.2/commons-logging-1.2.jar:/home/shreshtha/.m2/repository/commons-collections/commons-collections/3.2.2/commons-collections-3.2.2.jar:/home/shreshtha/.m2/repository/org/apache/commons/commons-lang3/3.3.2/commons-lang3-3.3.2.jar:/home/shreshtha/.m2/repository/commons-io/commons-io/2.4/commons-io-2.4.jar:/home/shreshtha/.m2/repository/commons-fileupload/commons-fileupload/1.3.1/commons-fileupload-1.3.1.jar:/home/shreshtha/.m2/repository/commons-codec/commons-codec/1.9/commons-codec-1.9.jar:/home/shreshtha/.m2/repository/net/sf/dozer/dozer/5.4.0/dozer-5.4.0.jar:/home/shreshtha/.m2/repository/commons-beanutils/commons-beanutils/1.8.3/commons-beanutils-1.8.3.jar:/home/shreshtha/.m2/repository/org/slf4j/jcl-over-slf4j/1.6.6/jcl-over-slf4j-1.6.6.jar:/home/shreshtha/.m2/repository/javax/mail/mail/1.4.7/mail-1.4.7.jar:/home/shreshtha/.m2/repository/javax/activation/activation/1.1/activation-1.1.jar:/home/shreshtha/.m2/repository/joda-time/joda-time/2.3/joda-time-2.3.jar:/home/shreshtha/.m2/repository/log4j/log4j/1.2.17/log4j-1.2.17.jar:/home/shreshtha/.m2/repository/org/apache/logging/log4j/log4j-core/2.12.0/log4j-core-2.12.0.jar:/home/shreshtha/.m2/repository/org/apache/logging/log4j/log4j-api/2.12.0/log4j-api-2.12.0.jar:/home/shreshtha/.m2/repository/net/sf/jasperreports/jasperreports/6.2.2/jasperreports-6.2.2.jar:/home/shreshtha/.m2/repository/commons-digester/commons-digester/2.1/commons-digester-2.1.jar:/home/shreshtha/.m2/repository/com/lowagie/itext/2.1.7.js5/itext-2.1.7.js5.jar:/home/shreshtha/.m2/repository/bouncycastle/bcmail-jdk14/138/bcmail-jdk14-138.jar:/home/shreshtha/.m2/repository/org/jfree/jcommon/1.0.23/jcommon-1.0.23.jar:/home/shreshtha/.m2/repository/org/jfree/jfreechart/1.0.19/jfreechart-1.0.19.jar:/home/shreshtha/.m2/repository/org/eclipse/jdt/core/compiler/ecj/4.3.1/ecj-4.3.1.jar:/home/shreshtha/.m2/repository/org/codehaus/castor/castor-xml/1.3.3/castor-xml-1.3.3.jar:/home/shreshtha/.m2/repository/org/codehaus/castor/castor-core/1.3.3/castor-core-1.3.3.jar:/home/shreshtha/.m2/repository/javax/inject/javax.inject/1/javax.inject-1.jar:/home/shreshtha/.m2/repository/stax/stax/1.2.0/stax-1.2.0.jar:/home/shreshtha/.m2/repository/stax/stax-api/1.0.1/stax-api-1.0.1.jar:/home/shreshtha/.m2/repository/javax/xml/stream/stax-api/1.0-2/stax-api-1.0-2.jar:/home/shreshtha/.m2/repository/org/olap4j/olap4j/0.9.7.309-JS-3/olap4j-0.9.7.309-JS-3.jar:/home/shreshtha/.m2/repository/com/ibm/icu/icu4j/57.1/icu4j-57.1.jar:/home/shreshtha/.m2/repository/com/jaspersoft/connectors/mongodb/js-mongodb-datasource/0.9.3/js-mongodb-datasource-0.9.3.jar:/home/shreshtha/.m2/repository/commons-pool/commons-pool/1.6/commons-pool-1.6.jar:/home/shreshtha/.m2/repository/org/hibernate/hibernate-validator/5.2.4.Final/hibernate-validator-5.2.4.Final.jar:/home/shreshtha/.m2/repository/org/jboss/logging/jboss-logging/3.2.1.Final/jboss-logging-3.2.1.Final.jar:/home/shreshtha/.m2/repository/com/fasterxml/classmate/1.1.0/classmate-1.1.0.jar:/home/shreshtha/.m2/repository/xml-apis/xml-apis/1.4.01/xml-apis-1.4.01.jar:/home/shreshtha/.m2/repository/ar/com/fdvs/DynamicJasper/5.0.10/DynamicJasper-5.0.10.jar:/home/shreshtha/.m2/repository/org/slf4j/slf4j-api/1.7.5/slf4j-api-1.7.5.jar:/home/shreshtha/.m2/repository/org/slf4j/slf4j-log4j12/1.6.4/slf4j-log4j12-1.6.4.jar:/home/shreshtha/.m2/repository/org/apache/velocity/velocity/1.7/velocity-1.7.jar:/home/shreshtha/.m2/repository/commons-lang/commons-lang/2.4/commons-lang-2.4.jar:/home/shreshtha/.m2/repository/org/apache/velocity/velocity-tools/2.0/velocity-tools-2.0.jar:/home/shreshtha/.m2/repository/commons-chain/commons-chain/1.1/commons-chain-1.1.jar:/home/shreshtha/.m2/repository/commons-validator/commons-validator/1.3.1/commons-validator-1.3.1.jar:/home/shreshtha/.m2/repository/dom4j/dom4j/1.1/dom4j-1.1.jar:/home/shreshtha/.m2/repository/oro/oro/2.0.8/oro-2.0.8.jar:/home/shreshtha/.m2/repository/sslext/sslext/1.2-0/sslext-1.2-0.jar:/home/shreshtha/.m2/repository/org/apache/struts/struts-core/1.3.8/struts-core-1.3.8.jar:/home/shreshtha/.m2/repository/antlr/antlr/2.7.2/antlr-2.7.2.jar:/home/shreshtha/.m2/repository/org/apache/struts/struts-taglib/1.3.8/struts-taglib-1.3.8.jar:/home/shreshtha/.m2/repository/org/apache/struts/struts-tiles/1.3.8/struts-tiles-1.3.8.jar:/home/shreshtha/.m2/repository/org/bouncycastle/bcprov-jdk15on/1.50/bcprov-jdk15on-1.50.jar:/home/shreshtha/.m2/repository/com/google/maps/google-maps-services/0.1.9/google-maps-services-0.1.9.jar:/home/shreshtha/.m2/repository/com/squareup/okhttp/okhttp/2.0.0/okhttp-2.0.0.jar:/home/shreshtha/.m2/repository/com/squareup/okio/okio/1.0.0/okio-1.0.0.jar:/home/shreshtha/.m2/repository/com/google/code/gson/gson/2.3.1/gson-2.3.1.jar:/home/shreshtha/.m2/repository/com/amazonaws/aws-java-sdk/1.11.20/aws-java-sdk-1.11.20.jar:/home/shreshtha/.m2/repository/com/amazonaws/aws-java-sdk-servicecatalog/1.11.20/aws-java-sdk-servicecatalog-1.11.20.jar:/home/shreshtha/.m2/repository/com/amazonaws/aws-java-sdk-s3/1.11.20/aws-java-sdk-s3-1.11.20.jar:/home/shreshtha/.m2/repository/com/amazonaws/aws-java-sdk-sqs/1.11.20/aws-java-sdk-sqs-1.11.20.jar:/home/shreshtha/.m2/repository/com/amazonaws/aws-java-sdk-sns/1.11.20/aws-java-sdk-sns-1.11.20.jar:/home/shreshtha/.m2/repository/com/amazonaws/aws-java-sdk-events/1.11.20/aws-java-sdk-events-1.11.20.jar:/home/shreshtha/.m2/repository/com/amazonaws/aws-java-sdk-ses/1.11.20/aws-java-sdk-ses-1.11.20.jar:/home/shreshtha/.m2/repository/com/amazonaws/aws-java-sdk-ecr/1.11.20/aws-java-sdk-ecr-1.11.20.jar:/home/shreshtha/.m2/repository/com/amazonaws/aws-java-sdk-elasticsearch/1.11.20/aws-java-sdk-elasticsearch-1.11.20.jar:/home/shreshtha/.m2/repository/com/amazonaws/aws-java-sdk-waf/1.11.20/aws-java-sdk-waf-1.11.20.jar:/home/shreshtha/.m2/repository/com/amazonaws/aws-java-sdk-marketplacecommerceanalytics/1.11.20/aws-java-sdk-marketplacecommerceanalytics-1.11.20.jar:/home/shreshtha/.m2/repository/com/amazonaws/aws-java-sdk-inspector/1.11.20/aws-java-sdk-inspector-1.11.20.jar:/home/shreshtha/.m2/repository/com/amazonaws/aws-java-sdk-iot/1.11.20/aws-java-sdk-iot-1.11.20.jar:/home/shreshtha/.m2/repository/com/amazonaws/aws-java-sdk-api-gateway/1.11.20/aws-java-sdk-api-gateway-1.11.20.jar:/home/shreshtha/.m2/repository/com/amazonaws/aws-java-sdk-acm/1.11.20/aws-java-sdk-acm-1.11.20.jar:/home/shreshtha/.m2/repository/com/amazonaws/aws-java-sdk-gamelift/1.11.20/aws-java-sdk-gamelift-1.11.20.jar:/home/shreshtha/.m2/repository/com/amazonaws/aws-java-sdk-dms/1.11.20/aws-java-sdk-dms-1.11.20.jar:/home/shreshtha/.m2/repository/com/amazonaws/aws-java-sdk-marketplacemeteringservice/1.11.20/aws-java-sdk-marketplacemeteringservice-1.11.20.jar:/home/shreshtha/.m2/repository/com/amazonaws/aws-java-sdk-cognitoidp/1.11.20/aws-java-sdk-cognitoidp-1.11.20.jar:/home/shreshtha/.m2/repository/com/amazonaws/aws-java-sdk-discovery/1.11.20/aws-java-sdk-discovery-1.11.20.jar:/home/shreshtha/.m2/repository/com/amazonaws/aws-java-sdk-applicationautoscaling/1.11.20/aws-java-sdk-applicationautoscaling-1.11.20.jar:/home/shreshtha/.m2/repository/com/amazonaws/aws-java-sdk-core/1.11.20/aws-java-sdk-core-1.11.20.jar:/home/shreshtha/.m2/repository/com/fasterxml/jackson/dataformat/jackson-dataformat-cbor/2.6.6/jackson-dataformat-cbor-2.6.6.jar:/home/shreshtha/.m2/repository/com/fasterxml/jackson/core/jackson-databind/2.9.8/jackson-databind-2.9.8.jar:/home/shreshtha/.m2/repository/com/fasterxml/jackson/core/jackson-annotations/2.9.8/jackson-annotations-2.9.8.jar:/home/shreshtha/.m2/repository/com/fasterxml/jackson/core/jackson-core/2.9.8/jackson-core-2.9.8.jar:/home/shreshtha/.m2/repository/org/springframework/security/spring-security-core/3.2.5.RELEASE/spring-security-core-3.2.5.RELEASE.jar:/home/shreshtha/.m2/repository/aopalliance/aopalliance/1.0/aopalliance-1.0.jar:/home/shreshtha/.m2/repository/org/springframework/security/spring-security-web/3.2.5.RELEASE/spring-security-web-3.2.5.RELEASE.jar:/home/shreshtha/.m2/repository/org/springframework/security/spring-security-config/3.2.5.RELEASE/spring-security-config-3.2.5.RELEASE.jar:/home/shreshtha/.m2/repository/com/google/zxing/core/3.3.0/core-3.3.0.jar:/home/shreshtha/.m2/repository/com/google/zxing/javase/3.3.0/javase-3.3.0.jar:/home/shreshtha/.m2/repository/com/github/jai-imageio/jai-imageio-core/1.3.1/jai-imageio-core-1.3.1.jar:/home/shreshtha/.m2/repository/org/apache/pdfbox/pdfbox/2.0.9/pdfbox-2.0.9.jar:/home/shreshtha/.m2/repository/org/apache/pdfbox/fontbox/2.0.9/fontbox-2.0.9.jar:/home/shreshtha/.m2/repository/org/apache/pdfbox/pdfbox-tools/2.0.9/pdfbox-tools-2.0.9.jar:/home/shreshtha/.m2/repository/org/apache/pdfbox/pdfbox-debugger/2.0.9/pdfbox-debugger-2.0.9.jar:/home/shreshtha/.m2/repository/org/aspectj/aspectjrt/1.9.4/aspectjrt-1.9.4.jar:/home/shreshtha/.m2/repository/org/aspectj/aspectjweaver/1.9.4/aspectjweaver-1.9.4.jar:/home/shreshtha/.m2/repository/org/aspectj/aspectjtools/1.9.4/aspectjtools-1.9.4.jar:/home/shreshtha/.m2/repository/com/ganyo/gcm-server/1.0.2/gcm-server-1.0.2.jar:/home/shreshtha/.m2/repository/com/googlecode/json-simple/json-simple/1.1/json-simple-1.1.jar:/home/shreshtha/.m2/repository/com/google/firebase/firebase-admin/6.16.0/firebase-admin-6.16.0.jar:/home/shreshtha/.m2/repository/com/google/api-client/google-api-client/1.30.10/google-api-client-1.30.10.jar:/home/shreshtha/.m2/repository/com/google/oauth-client/google-oauth-client/1.31.0/google-oauth-client-1.31.0.jar:/home/shreshtha/.m2/repository/com/google/http-client/google-http-client-jackson2/1.36.0/google-http-client-jackson2-1.36.0.jar:/home/shreshtha/.m2/repository/com/google/api-client/google-api-client-gson/1.30.10/google-api-client-gson-1.30.10.jar:/home/shreshtha/.m2/repository/com/google/http-client/google-http-client-gson/1.36.0/google-http-client-gson-1.36.0.jar:/home/shreshtha/.m2/repository/com/google/http-client/google-http-client/1.35.0/google-http-client-1.35.0.jar:/home/shreshtha/.m2/repository/com/google/code/findbugs/jsr305/3.0.2/jsr305-3.0.2.jar:/home/shreshtha/.m2/repository/com/google/j2objc/j2objc-annotations/1.3/j2objc-annotations-1.3.jar:/home/shreshtha/.m2/repository/io/opencensus/opencensus-api/0.24.0/opencensus-api-0.24.0.jar:/home/shreshtha/.m2/repository/io/opencensus/opencensus-contrib-http-util/0.24.0/opencensus-contrib-http-util-0.24.0.jar:/home/shreshtha/.m2/repository/com/google/api/api-common/1.9.2/api-common-1.9.2.jar:/home/shreshtha/.m2/repository/com/google/auto/value/auto-value-annotations/1.7.2/auto-value-annotations-1.7.2.jar:/home/shreshtha/.m2/repository/com/google/auth/google-auth-library-oauth2-http/0.20.0/google-auth-library-oauth2-http-0.20.0.jar:/home/shreshtha/.m2/repository/com/google/auth/google-auth-library-credentials/0.20.0/google-auth-library-credentials-0.20.0.jar:/home/shreshtha/.m2/repository/com/google/cloud/google-cloud-storage/1.110.0/google-cloud-storage-1.110.0.jar:/home/shreshtha/.m2/repository/com/google/guava/failureaccess/1.0.1/failureaccess-1.0.1.jar:/home/shreshtha/.m2/repository/com/google/guava/listenablefuture/9999.0-empty-to-avoid-conflict-with-guava/listenablefuture-9999.0-empty-to-avoid-conflict-with-guava.jar:/home/shreshtha/.m2/repository/org/checkerframework/checker-compat-qual/2.5.5/checker-compat-qual-2.5.5.jar:/home/shreshtha/.m2/repository/com/google/errorprone/error_prone_annotations/2.3.4/error_prone_annotations-2.3.4.jar:/home/shreshtha/.m2/repository/com/google/apis/google-api-services-storage/v1-rev20200430-1.30.9/google-api-services-storage-v1-rev20200430-1.30.9.jar:/home/shreshtha/.m2/repository/com/google/cloud/google-cloud-core/1.93.6/google-cloud-core-1.93.6.jar:/home/shreshtha/.m2/repository/com/google/api/grpc/proto-google-common-protos/1.18.0/proto-google-common-protos-1.18.0.jar:/home/shreshtha/.m2/repository/com/google/cloud/google-cloud-core-http/1.93.6/google-cloud-core-http-1.93.6.jar:/home/shreshtha/.m2/repository/com/google/http-client/google-http-client-appengine/1.35.0/google-http-client-appengine-1.35.0.jar:/home/shreshtha/.m2/repository/com/google/api/gax-httpjson/0.74.0/gax-httpjson-0.74.0.jar:/home/shreshtha/.m2/repository/com/google/api/gax/1.57.0/gax-1.57.0.jar:/home/shreshtha/.m2/repository/io/grpc/grpc-context/1.30.0/grpc-context-1.30.0.jar:/home/shreshtha/.m2/repository/com/google/api/grpc/proto-google-iam-v1/0.13.0/proto-google-iam-v1-0.13.0.jar:/home/shreshtha/.m2/repository/com/google/protobuf/protobuf-java/3.12.2/protobuf-java-3.12.2.jar:/home/shreshtha/.m2/repository/com/google/protobuf/protobuf-java-util/3.12.2/protobuf-java-util-3.12.2.jar:/home/shreshtha/.m2/repository/org/threeten/threetenbp/1.4.4/threetenbp-1.4.4.jar:/home/shreshtha/.m2/repository/com/google/cloud/google-cloud-firestore/1.35.0/google-cloud-firestore-1.35.0.jar:/home/shreshtha/.m2/repository/com/google/cloud/google-cloud-core-grpc/1.93.6/google-cloud-core-grpc-1.93.6.jar:/home/shreshtha/.m2/repository/io/grpc/grpc-core/1.30.0/grpc-core-1.30.0.jar:/home/shreshtha/.m2/repository/com/google/android/annotations/4.1.1.4/annotations-4.1.1.4.jar:/home/shreshtha/.m2/repository/io/perfmark/perfmark-api/0.19.0/perfmark-api-0.19.0.jar:/home/shreshtha/.m2/repository/com/google/api/grpc/proto-google-cloud-firestore-admin-v1/1.35.0/proto-google-cloud-firestore-admin-v1-1.35.0.jar:/home/shreshtha/.m2/repository/com/google/api/grpc/proto-google-cloud-firestore-v1/1.35.0/proto-google-cloud-firestore-v1-1.35.0.jar:/home/shreshtha/.m2/repository/com/google/api/grpc/proto-google-cloud-firestore-v1beta1/0.88.0/proto-google-cloud-firestore-v1beta1-0.88.0.jar:/home/shreshtha/.m2/repository/io/opencensus/opencensus-contrib-grpc-util/0.24.0/opencensus-contrib-grpc-util-0.24.0.jar:/home/shreshtha/.m2/repository/io/grpc/grpc-protobuf/1.30.0/grpc-protobuf-1.30.0.jar:/home/shreshtha/.m2/repository/io/grpc/grpc-protobuf-lite/1.30.0/grpc-protobuf-lite-1.30.0.jar:/home/shreshtha/.m2/repository/org/codehaus/mojo/animal-sniffer-annotations/1.18/animal-sniffer-annotations-1.18.jar:/home/shreshtha/.m2/repository/io/grpc/grpc-api/1.30.0/grpc-api-1.30.0.jar:/home/shreshtha/.m2/repository/com/google/api/gax-grpc/1.57.0/gax-grpc-1.57.0.jar:/home/shreshtha/.m2/repository/io/grpc/grpc-auth/1.30.0/grpc-auth-1.30.0.jar:/home/shreshtha/.m2/repository/io/grpc/grpc-netty-shaded/1.30.0/grpc-netty-shaded-1.30.0.jar:/home/shreshtha/.m2/repository/io/grpc/grpc-alts/1.30.0/grpc-alts-1.30.0.jar:/home/shreshtha/.m2/repository/io/grpc/grpc-grpclb/1.30.0/grpc-grpclb-1.30.0.jar:/home/shreshtha/.m2/repository/org/conscrypt/conscrypt-openjdk-uber/2.2.1/conscrypt-openjdk-uber-2.2.1.jar:/home/shreshtha/.m2/repository/io/grpc/grpc-stub/1.30.0/grpc-stub-1.30.0.jar:/home/shreshtha/.m2/repository/io/netty/netty-codec-http/4.1.50.Final/netty-codec-http-4.1.50.Final.jar:/home/shreshtha/.m2/repository/io/netty/netty-common/4.1.50.Final/netty-common-4.1.50.Final.jar:/home/shreshtha/.m2/repository/io/netty/netty-buffer/4.1.50.Final/netty-buffer-4.1.50.Final.jar:/home/shreshtha/.m2/repository/io/netty/netty-codec/4.1.50.Final/netty-codec-4.1.50.Final.jar:/home/shreshtha/.m2/repository/io/netty/netty-handler/4.1.50.Final/netty-handler-4.1.50.Final.jar:/home/shreshtha/.m2/repository/io/netty/netty-resolver/4.1.50.Final/netty-resolver-4.1.50.Final.jar:/home/shreshtha/.m2/repository/io/netty/netty-transport/4.1.50.Final/netty-transport-4.1.50.Final.jar:/home/shreshtha/.m2/repository/com/notnoop/apns/apns/0.2.3/apns-0.2.3.jar:/home/shreshtha/.m2/repository/com/google/guava/guava/18.0/guava-18.0.jar:/home/shreshtha/.m2/repository/io/swagger/swagger-jaxrs/1.5.0/swagger-jaxrs-1.5.0.jar:/home/shreshtha/.m2/repository/com/fasterxml/jackson/dataformat/jackson-dataformat-yaml/2.4.2/jackson-dataformat-yaml-2.4.2.jar:/home/shreshtha/.m2/repository/com/fasterxml/jackson/dataformat/jackson-dataformat-xml/2.4.2/jackson-dataformat-xml-2.4.2.jar:/home/shreshtha/.m2/repository/com/fasterxml/jackson/module/jackson-module-jaxb-annotations/2.4.2/jackson-module-jaxb-annotations-2.4.2.jar:/home/shreshtha/.m2/repository/org/codehaus/woodstox/stax2-api/3.1.4/stax2-api-3.1.4.jar:/home/shreshtha/.m2/repository/com/fasterxml/jackson/jaxrs/jackson-jaxrs-json-provider/2.4.2/jackson-jaxrs-json-provider-2.4.2.jar:/home/shreshtha/.m2/repository/com/fasterxml/jackson/jaxrs/jackson-jaxrs-base/2.4.2/jackson-jaxrs-base-2.4.2.jar:/home/shreshtha/.m2/repository/io/swagger/swagger-core/1.5.0/swagger-core-1.5.0.jar:/home/shreshtha/.m2/repository/com/fasterxml/jackson/datatype/jackson-datatype-joda/2.4.2/jackson-datatype-joda-2.4.2.jar:/home/shreshtha/.m2/repository/io/swagger/swagger-annotations/1.5.0/swagger-annotations-1.5.0.jar:/home/shreshtha/.m2/repository/io/swagger/swagger-models/1.5.0/swagger-models-1.5.0.jar:/home/shreshtha/.m2/repository/org/reflections/reflections/0.9.10/reflections-0.9.10.jar:/home/shreshtha/.m2/repository/org/javassist/javassist/3.19.0-GA/javassist-3.19.0-GA.jar:/home/shreshtha/.m2/repository/com/google/code/findbugs/annotations/2.0.1/annotations-2.0.1.jar:/home/shreshtha/.m2/repository/org/springframework/data/spring-data-elasticsearch/3.2.0.M2/spring-data-elasticsearch-3.2.0.M2.jar:/home/shreshtha/.m2/repository/org/elasticsearch/client/transport/6.6.1/transport-6.6.1.jar:/home/shreshtha/.m2/repository/org/elasticsearch/elasticsearch/6.6.1/elasticsearch-6.6.1.jar:/home/shreshtha/.m2/repository/org/elasticsearch/elasticsearch-core/6.6.1/elasticsearch-core-6.6.1.jar:/home/shreshtha/.m2/repository/org/elasticsearch/elasticsearch-secure-sm/6.6.1/elasticsearch-secure-sm-6.6.1.jar:/home/shreshtha/.m2/repository/org/elasticsearch/elasticsearch-x-content/6.6.1/elasticsearch-x-content-6.6.1.jar:/home/shreshtha/.m2/repository/org/yaml/snakeyaml/1.17/snakeyaml-1.17.jar:/home/shreshtha/.m2/repository/com/fasterxml/jackson/dataformat/jackson-dataformat-smile/2.8.11/jackson-dataformat-smile-2.8.11.jar:/home/shreshtha/.m2/repository/org/apache/lucene/lucene-core/7.6.0/lucene-core-7.6.0.jar:/home/shreshtha/.m2/repository/org/apache/lucene/lucene-analyzers-common/7.6.0/lucene-analyzers-common-7.6.0.jar:/home/shreshtha/.m2/repository/org/apache/lucene/lucene-backward-codecs/7.6.0/lucene-backward-codecs-7.6.0.jar:/home/shreshtha/.m2/repository/org/apache/lucene/lucene-grouping/7.6.0/lucene-grouping-7.6.0.jar:/home/shreshtha/.m2/repository/org/apache/lucene/lucene-highlighter/7.6.0/lucene-highlighter-7.6.0.jar:/home/shreshtha/.m2/repository/org/apache/lucene/lucene-join/7.6.0/lucene-join-7.6.0.jar:/home/shreshtha/.m2/repository/org/apache/lucene/lucene-memory/7.6.0/lucene-memory-7.6.0.jar:/home/shreshtha/.m2/repository/org/apache/lucene/lucene-misc/7.6.0/lucene-misc-7.6.0.jar:/home/shreshtha/.m2/repository/org/apache/lucene/lucene-queries/7.6.0/lucene-queries-7.6.0.jar:/home/shreshtha/.m2/repository/org/apache/lucene/lucene-queryparser/7.6.0/lucene-queryparser-7.6.0.jar:/home/shreshtha/.m2/repository/org/apache/lucene/lucene-sandbox/7.6.0/lucene-sandbox-7.6.0.jar:/home/shreshtha/.m2/repository/org/apache/lucene/lucene-spatial/7.6.0/lucene-spatial-7.6.0.jar:/home/shreshtha/.m2/repository/org/apache/lucene/lucene-spatial-extras/7.6.0/lucene-spatial-extras-7.6.0.jar:/home/shreshtha/.m2/repository/org/apache/lucene/lucene-spatial3d/7.6.0/lucene-spatial3d-7.6.0.jar:/home/shreshtha/.m2/repository/org/apache/lucene/lucene-suggest/7.6.0/lucene-suggest-7.6.0.jar:/home/shreshtha/.m2/repository/org/elasticsearch/elasticsearch-cli/6.6.1/elasticsearch-cli-6.6.1.jar:/home/shreshtha/.m2/repository/net/sf/jopt-simple/jopt-simple/5.0.2/jopt-simple-5.0.2.jar:/home/shreshtha/.m2/repository/com/carrotsearch/hppc/0.7.1/hppc-0.7.1.jar:/home/shreshtha/.m2/repository/com/tdunning/t-digest/3.2/t-digest-3.2.jar:/home/shreshtha/.m2/repository/org/hdrhistogram/HdrHistogram/2.1.9/HdrHistogram-2.1.9.jar:/home/shreshtha/.m2/repository/org/elasticsearch/jna/4.5.1/jna-4.5.1.jar:/home/shreshtha/.m2/repository/org/elasticsearch/plugin/reindex-client/6.6.1/reindex-client-6.6.1.jar:/home/shreshtha/.m2/repository/org/elasticsearch/plugin/lang-mustache-client/6.6.1/lang-mustache-client-6.6.1.jar:/home/shreshtha/.m2/repository/com/github/spullara/mustache/java/compiler/0.9.3/compiler-0.9.3.jar:/home/shreshtha/.m2/repository/org/elasticsearch/plugin/percolator-client/6.6.1/percolator-client-6.6.1.jar:/home/shreshtha/.m2/repository/org/elasticsearch/plugin/parent-join-client/6.6.1/parent-join-client-6.6.1.jar:/home/shreshtha/.m2/repository/org/elasticsearch/plugin/rank-eval-client/6.6.1/rank-eval-client-6.6.1.jar:/home/shreshtha/.m2/repository/org/elasticsearch/plugin/transport-netty4-client/6.6.1/transport-netty4-client-6.6.1.jar:/home/shreshtha/.m2/repository/org/elasticsearch/client/elasticsearch-rest-high-level-client/6.6.1/elasticsearch-rest-high-level-client-6.6.1.jar:/home/shreshtha/.m2/repository/org/elasticsearch/client/elasticsearch-rest-client/6.6.1/elasticsearch-rest-client-6.6.1.jar:/home/shreshtha/.m2/repository/org/elasticsearch/plugin/aggs-matrix-stats-client/6.6.1/aggs-matrix-stats-client-6.6.1.jar:/home/shreshtha/.m2/repository/org/springframework/spring-orm/5.0.8.RELEASE/spring-orm-5.0.8.RELEASE.jar:/home/shreshtha/.m2/repository/org/springframework/spring-jdbc/5.0.8.RELEASE/spring-jdbc-5.0.8.RELEASE.jar:/home/shreshtha/.m2/repository/com/razorpay/razorpay-java/1.3.8/razorpay-java-1.3.8.jar:/home/shreshtha/.m2/repository/com/squareup/okhttp3/okhttp/3.10.0/okhttp-3.10.0.jar:/home/shreshtha/.m2/repository/com/squareup/okhttp3/logging-interceptor/3.10.0/logging-interceptor-3.10.0.jar:/home/shreshtha/.m2/repository/org/json/json/20180130/json-20180130.jar:/home/shreshtha/.m2/repository/org/apache/commons/commons-text/1.3/commons-text-1.3.jar:/home/shreshtha/.m2/repository/com/twilio/sdk/twilio/7.52.0/twilio-7.52.0.jar:/home/shreshtha/.m2/repository/io/jsonwebtoken/jjwt-api/0.10.7/jjwt-api-0.10.7.jar:/home/shreshtha/.m2/repository/io/jsonwebtoken/jjwt-jackson/0.10.7/jjwt-jackson-0.10.7.jar:/home/shreshtha/.m2/repository/io/jsonwebtoken/jjwt-impl/0.10.7/jjwt-impl-0.10.7.jar:/home/shreshtha/.m2/repository/javax/xml/bind/jaxb-api/2.2/jaxb-api-2.2.jar:/home/shreshtha/.m2/repository/ro/fortsoft/sms-util/sms-util/1.0/sms-util-1.0.jar:/home/shreshtha/.m2/repository/net/sf/jasperreports/jasperreports-fonts/4.0.0/jasperreports-fonts-4.0.0.jar:/home/shreshtha/HealthcocoProjects/healthcoco-backend-app/dpdocter/src/main/resources/jasperreports-htmlcomponent-5.0.1.jar:/home/shreshtha/.m2/repository/org/xhtmlrenderer/flying-saucer-pdf/9.1.12/flying-saucer-pdf-9.1.12.jar:/home/shreshtha/.m2/repository/org/bouncycastle/bcmail-jdk14/1.38/bcmail-jdk14-1.38.jar:/home/shreshtha/.m2/repository/org/bouncycastle/bctsp-jdk14/1.38/bctsp-jdk14-1.38.jar:/home/shreshtha/.m2/repository/org/xhtmlrenderer/flying-saucer-core/9.1.12/flying-saucer-core-9.1.12.jar:/home/shreshtha/.m2/repository/org/apache/poi/poi/3.17/poi-3.17.jar:/home/shreshtha/.m2/repository/org/apache/commons/commons-collections4/4.1/commons-collections4-4.1.jar:/home/shreshtha/.m2/repository/se/jiderhamn/classloader-leak-prevention/1.15.4/classloader-leak-prevention-1.15.4.jar:/home/shreshtha/.m2/repository/javax/servlet/servlet-api/2.5/servlet-api-2.5.jar:/home/shreshtha/.m2/repository/com/mashape/unirest/unirest-java/1.4.9/unirest-java-1.4.9.jar:/home/shreshtha/.m2/repository/org/apache/httpcomponents/httpasyncclient/4.1.1/httpasyncclient-4.1.1.jar:/home/shreshtha/.m2/repository/org/apache/httpcomponents/httpcore-nio/4.4.4/httpcore-nio-4.4.4.jar:/home/shreshtha/.m2/repository/org/apache/httpcomponents/httpmime/4.5.2/httpmime-4.5.2.jar:/home/shreshtha/.m2/repository/com/opencsv/opencsv/4.1/opencsv-4.1.jar:/home/shreshtha/.m2/repository/org/ow2/asm/asm/6.2.1/asm-6.2.1.jar:/home/shreshtha/.m2/repository/org/jboss/spec/javax/net/ssl/jboss-jsse-api_8.0_spec/1.0.0.Final/jboss-jsse-api_8.0_spec-1.0.0.Final.jar:/home/shreshtha/.m2/repository/com/github/jkutner/env-keystore/0.1.2/env-keystore-0.1.2.jar:/home/shreshtha/.m2/repository/org/bouncycastle/bcpkix-jdk15on/1.54/bcpkix-jdk15on-1.54.jar:/home/shreshtha/.m2/repository/javax/xml/parsers/jaxp-api/1.4.5/jaxp-api-1.4.5.jar:/home/shreshtha/.m2/repository/sax/sax/2.0.1/sax-2.0.1.jar:"/>
    <property name="sun.cpu.endian" value="little"/>
    <property name="user.home" value="/home/shreshtha"/>
    <property name="user.language" value="en"/>
    <property name="java.specification.vendor" value="Oracle Corporation"/>
    <property name="java.version.date" value="2022-10-18"/>
    <property name="java.home" value="/home/shreshtha/.p2/pool/plugins/org.eclipse.justj.openjdk.hotspot.jre.full.linux.x86_64_17.0.5.v20221102-0933/jre"/>
    <property name="file.separator" value="/"/>
    <property name="style.color" value="always"/>
    <property name="basedir" value="/home/shreshtha/HealthcocoProjects/healthcoco-backend-app/dpdocter"/>
    <property name="java.vm.compressedOopsMode" value="32-bit"/>
    <property name="line.separator" value="&#10;"/>
    <property name="java.vm.specification.vendor" value="Oracle Corporation"/>
    <property name="java.specification.name" value="Java Platform API Specification"/>
    <property name="surefire.real.class.path" value="/home/shreshtha/HealthcocoProjects/healthcoco-backend-app/dpdocter/target/surefire/surefirebooter6514780982830864040.jar"/>
    <property name="sun.management.compiler" value="HotSpot 64-Bit Tiered Compilers"/>
    <property name="java.runtime.version" value="17.0.5+8"/>
    <property name="user.name" value="shreshtha"/>
    <property name="path.separator" value=":"/>
    <property name="os.version" value="5.19.0-38-generic"/>
    <property name="java.runtime.name" value="OpenJDK Runtime Environment"/>
    <property name="file.encoding" value="UTF-8"/>
    <property name="java.vm.name" value="OpenJDK 64-Bit Server VM"/>
    <property name="java.vendor.version" value="Temurin-17.0.5+8"/>
    <property name="localRepository" value="/home/shreshtha/.m2/repository"/>
    <property name="java.vendor.url.bug" value="https://github.com/adoptium/adoptium-support/issues"/>
    <property name="java.io.tmpdir" value="/tmp"/>
    <property name="java.version" value="17.0.5"/>
    <property name="user.dir" value="/home/shreshtha/HealthcocoProjects/healthcoco-backend-app/dpdocter"/>
    <property name="os.arch" value="amd64"/>
    <property name="java.vm.specification.name" value="Java Virtual Machine Specification"/>
    <property name="native.encoding" value="UTF-8"/>
    <property name="java.library.path" value="/usr/java/packages/lib:/usr/lib64:/lib64:/lib:/usr/lib"/>
    <property name="java.vm.info" value="mixed mode"/>
    <property name="java.vendor" value="Eclipse Adoptium"/>
    <property name="java.vm.version" value="17.0.5+8"/>
    <property name="sun.io.unicode.encoding" value="UnicodeLittle"/>
    <property name="java.class.version" value="61.0"/>
  </properties>
  <testcase name="f" classname="com.dpDoctor.testCases.NewTest" time="0.018"/>
</testsuite>